<?xml version="1.0" encoding="UTF-8"?>
<!-- Generated by org.testng.reporters.JUnitXMLReporter -->
<testsuite ignored="0" hostname="LAPTOP-GI0RDT4H" failures="3" tests="3" name="parallel Test" time="128.971" errors="0" timestamp="09 Dec 2020 03:27:32 GMT">
  <testcase classname="homePage.TC_02_VerifyEntLoginBtn" name="VerifyEntLoginBtn" time="23.697">
    <failure type="java.lang.AssertionError" message="Invalid Page expected [https://propertycapsule.com/property/admin/login/form] but found [https://maps.propertycapsule.com/]">
      <![CDATA[java.lang.AssertionError: Invalid Page expected [https://propertycapsule.com/property/admin/login/form] but found [https://maps.propertycapsule.com/]
at homePage.TC_02_VerifyEntLoginBtn.VerifyEntLoginBtn(TC_02_VerifyEntLoginBtn.java:21)
at java.base/java.util.concurrent.ThreadPoolExecutor.runWorker(ThreadPoolExecutor.java:1130)
at java.base/java.util.concurrent.ThreadPoolExecutor$Worker.run(ThreadPoolExecutor.java:630)
at java.base/java.lang.Thread.run(Thread.java:832)
... Removed 15 stack frames]]>
    </failure>
  </testcase> <!-- VerifyEntLoginBtn -->
  <testcase classname="homePage.TC_03_VerifyTourBookTab" name="VerifyTourBookTab" time="23.71">
    <failure type="java.lang.AssertionError" message="Invalid Page expected [https://tours.propertycapsule.com/] but found [https://maps.propertycapsule.com/]">
      <![CDATA[java.lang.AssertionError: Invalid Page expected [https://tours.propertycapsule.com/] but found [https://maps.propertycapsule.com/]
at homePage.TC_03_VerifyTourBookTab.VerifyTourBookTab(TC_03_VerifyTourBookTab.java:29)
at java.base/java.util.concurrent.ThreadPoolExecutor.runWorker(ThreadPoolExecutor.java:1130)
at java.base/java.util.concurrent.ThreadPoolExecutor$Worker.run(ThreadPoolExecutor.java:630)
at java.base/java.lang.Thread.run(Thread.java:832)
... Removed 15 stack frames]]>
    </failure>
  </testcase> <!-- VerifyTourBookTab -->
  <testcase classname="homePage.TC_04_VerifyMapMakeTab" name="VerifyMapMakeTab" time="25.771">
    <failure type="java.lang.AssertionError" message="Invalid page expected [https://maps.propertycapsule.com/] but found [https://tours.propertycapsule.com/]">
      <![CDATA[java.lang.AssertionError: Invalid page expected [https://maps.propertycapsule.com/] but found [https://tours.propertycapsule.com/]
at homePage.TC_04_VerifyMapMakeTab.VerifyMapMakeTab(TC_04_VerifyMapMakeTab.java:23)
at java.base/java.util.concurrent.ThreadPoolExecutor.runWorker(ThreadPoolExecutor.java:1130)
at java.base/java.util.concurrent.ThreadPoolExecutor$Worker.run(ThreadPoolExecutor.java:630)
at java.base/java.lang.Thread.run(Thread.java:832)
... Removed 15 stack frames]]>
    </failure>
  </testcase> <!-- VerifyMapMakeTab -->
</testsuite> <!-- parallel Test -->
