<?xml version="1.0" encoding="UTF-8"?>
<testng-results ignored="0" total="1" passed="1" failed="0" skipped="0">
  <reporter-output>
  </reporter-output>
  <suite started-at="2021-01-14T03:07:23Z" name="Default suite" finished-at="2021-01-14T03:07:39Z" duration-ms="15860">
    <groups>
    </groups>
    <test started-at="2021-01-14T03:07:23Z" name="Default test" finished-at="2021-01-14T03:07:39Z" duration-ms="15860">
      <class name="homePage.TC_08_VerifyLookFamiliarImage">
        <test-method is-config="true" signature="beforeMethod()[pri:0, instance:homePage.TC_08_VerifyLookFamiliarImage@58a9760d]" started-at="2021-01-14T03:07:23Z" name="beforeMethod" finished-at="2021-01-14T03:07:39Z" duration-ms="15702" status="PASS">
          <reporter-output>
          </reporter-output>
        </test-method> <!-- beforeMethod -->
        <test-method signature="VerifyLookFamiliarImage()[pri:0, instance:homePage.TC_08_VerifyLookFamiliarImage@58a9760d]" started-at="2021-01-14T03:07:39Z" name="VerifyLookFamiliarImage" finished-at="2021-01-14T03:07:39Z" duration-ms="85" status="PASS">
          <reporter-output>
          </reporter-output>
        </test-method> <!-- VerifyLookFamiliarImage -->
        <test-method is-config="true" signature="afterMethod()[pri:0, instance:homePage.TC_08_VerifyLookFamiliarImage@58a9760d]" started-at="2021-01-14T03:07:39Z" name="afterMethod" finished-at="2021-01-14T03:07:39Z" duration-ms="53" status="PASS">
          <reporter-output>
          </reporter-output>
        </test-method> <!-- afterMethod -->
      </class> <!-- homePage.TC_08_VerifyLookFamiliarImage -->
    </test> <!-- Default test -->
  </suite> <!-- Default suite -->
</testng-results>
